#
# There is insufficient memory for the Java Runtime Environment to continue.
# Native memory allocation (mmap) failed to map 266338304 bytes for Failed to commit area from 0x0000000703e00000 to 0x0000000713c00000 of length 266338304.
# Possible reasons:
#   The system is out of physical RAM or swap space
#   The process is running with CompressedOops enabled, and the Java Heap may be blocking the growth of the native heap
# Possible solutions:
#   Reduce memory load on the system
#   Increase physical memory or swap space
#   Check if swap backing store is full
#   Decrease Java heap size (-Xmx/-Xms)
#   Decrease number of Java threads
#   Decrease Java thread stack sizes (-Xss)
#   Set larger code cache with -XX:ReservedCodeCacheSize=
# This output file may be truncated or incomplete.
#
#  Out of Memory Error (./src/hotspot/os/windows/os_windows.cpp:3301), pid=26408, tid=17428
#
# JRE version:  (11.0.10) (build )
# Java VM: OpenJDK 64-Bit Server VM (11.0.10+0-b96-7249189, mixed mode, sharing, tiered, compressed oops, g1 gc, windows-amd64)
# No core dump will be written. Minidumps are not enabled by default on client versions of Windows
#

---------------  S U M M A R Y ------------

Command Line: org.jetbrains.kotlin.cli.jvm.K2JVMCompiler @D:\PS_CPP\Mobile\app\build\20211115_2767024395971609476.compiler.options

Host: Intel(R) Core(TM) i7-10875H CPU @ 2.30GHz, 16 cores, 15G,  Windows 10 , 64 bit Build 19041 (10.0.19041.1348)
Time: Mon Nov 15 18:56:38 2021 Mountain Standard Time elapsed time: 0.011177 seconds (0d 0h 0m 0s)

---------------  T H R E A D  ---------------

Current thread (0x0000029a9ed8b800):  JavaThread "Unknown thread" [_thread_in_vm, id=17428, stack(0x000000ef82200000,0x000000ef82300000)]

Stack: [0x000000ef82200000,0x000000ef82300000]
Native frames: (J=compiled Java code, j=interpreted, Vv=VM code, C=native code)
V  [jvm.dll+0x5ecfaa]
V  [jvm.dll+0x722bd5]
V  [jvm.dll+0x72412d]
V  [jvm.dll+0x7247e3]
V  [jvm.dll+0x242928]
V  [jvm.dll+0x5ea374]
V  [jvm.dll+0x5df425]
V  [jvm.dll+0x2fdebb]
V  [jvm.dll+0x2fde2a]
V  [jvm.dll+0x2fdd02]
V  [jvm.dll+0x302bf6]
V  [jvm.dll+0x34b2a3]
V  [jvm.dll+0x34b9a6]
V  [jvm.dll+0x34b3a3]
V  [jvm.dll+0x2d8888]
V  [jvm.dll+0x2d9a37]
V  [jvm.dll+0x701737]
V  [jvm.dll+0x702f2c]
V  [jvm.dll+0x3587d9]
V  [jvm.dll+0x6e4fae]
V  [jvm.dll+0x3c0be3]
V  [jvm.dll+0x3c2e91]
C  [jli.dll+0x5373]
C  [ucrtbase.dll+0x21bb2]
C  [KERNEL32.DLL+0x17034]
C  [ntdll.dll+0x52651]


---------------  P R O C E S S  ---------------

Threads class SMR info:
_java_thread_list=0x0000029a9ca9ebc0, length=0, elements={
}

Java Threads: ( => current thread )

Other Threads:
  0x0000029a9eda4000 GCTaskThread "GC Thread#0" [stack: 0x000000ef82300000,0x000000ef82400000] [id=5652]
  0x0000029a9ee02000 ConcurrentGCThread "G1 Main Marker" [stack: 0x000000ef82400000,0x000000ef82500000] [id=4856]
  0x0000029a9ee05800 ConcurrentGCThread "G1 Conc#0" [stack: 0x000000ef82500000,0x000000ef82600000] [id=11420]

[error occurred during error reporting (printing all threads), id 0xc0000005, EXCEPTION_ACCESS_VIOLATION (0xc0000005) at pc=0x00007ff8e83d9107]

VM state:not at safepoint (not fully initialized)

VM Mutex/Monitor currently owned by a thread:  ([mutex/lock_event])
[0x0000029a9ed876d0] Heap_lock - owner thread: 0x0000029a9ed8b800

Heap address: 0x0000000703e00000, size: 4034 MB, Compressed Oops mode: Non-zero based: 0x0000000703e00000
Narrow klass base: 0x0000000000000000, Narrow klass shift: 0

GC Heap History (0 events):
No events

Deoptimization events (0 events):
No events

Classes redefined (0 events):
No events

Internal exceptions (0 events):
No events

Events (1 events):
Event: 0.004 Loaded shared library C:\Program Files\Android\Android Studio\jre\bin\zip.dll


Dynamic libraries:
0x00007ff7c7680000 - 0x00007ff7c768a000 	C:\Program Files\Android\Android Studio\jre\bin\java.exe
0x00007ff960350000 - 0x00007ff960545000 	C:\Windows\SYSTEM32\ntdll.dll
0x00007ff95fea0000 - 0x00007ff95ff5e000 	C:\Windows\System32\KERNEL32.DLL
0x00007ff95e0d0000 - 0x00007ff95e398000 	C:\Windows\System32\KERNELBASE.dll
0x00007ff9578b0000 - 0x00007ff957940000 	C:\Windows\SYSTEM32\apphelp.dll
0x00007ff95dbb0000 - 0x00007ff95dcb0000 	C:\Windows\System32\ucrtbase.dll
0x00007ff92d9a0000 - 0x00007ff92d9b9000 	C:\Program Files\Android\Android Studio\jre\bin\jli.dll
0x00007ff94f490000 - 0x00007ff94f4a7000 	C:\Program Files\Android\Android Studio\jre\bin\VCRUNTIME140.dll
0x00007ff9600b0000 - 0x00007ff960251000 	C:\Windows\System32\USER32.dll
0x00007ff95dd90000 - 0x00007ff95ddb2000 	C:\Windows\System32\win32u.dll
0x00007ff946f20000 - 0x00007ff9471ba000 	C:\Windows\WinSxS\amd64_microsoft.windows.common-controls_6595b64144ccf1df_6.0.19041.1110_none_60b5254171f9507e\COMCTL32.dll
0x00007ff95eff0000 - 0x00007ff95f01b000 	C:\Windows\System32\GDI32.dll
0x00007ff95ef50000 - 0x00007ff95efee000 	C:\Windows\System32\msvcrt.dll
0x00007ff95dfc0000 - 0x00007ff95e0cb000 	C:\Windows\System32\gdi32full.dll
0x00007ff95ddc0000 - 0x00007ff95de5d000 	C:\Windows\System32\msvcp_win.dll
0x00007ff95ef10000 - 0x00007ff95ef40000 	C:\Windows\System32\IMM32.DLL
0x00007ff9230a0000 - 0x00007ff92313d000 	C:\Program Files\Android\Android Studio\jre\bin\msvcp140.dll
0x00007ff8e80f0000 - 0x00007ff8e8bbf000 	C:\Program Files\Android\Android Studio\jre\bin\server\jvm.dll
0x00007ff960000000 - 0x00007ff9600ac000 	C:\Windows\System32\ADVAPI32.dll
0x00007ff95ff60000 - 0x00007ff95fffb000 	C:\Windows\System32\sechost.dll
0x00007ff95f500000 - 0x00007ff95f62a000 	C:\Windows\System32\RPCRT4.dll
0x00007ff95e3a0000 - 0x00007ff95e3a8000 	C:\Windows\System32\PSAPI.DLL
0x00007ff9452b0000 - 0x00007ff9452b9000 	C:\Windows\SYSTEM32\WSOCK32.dll
0x00007ff95ad10000 - 0x00007ff95ad37000 	C:\Windows\SYSTEM32\WINMM.dll
0x00007ff947f30000 - 0x00007ff947f3a000 	C:\Windows\SYSTEM32\VERSION.dll
0x00007ff95ece0000 - 0x00007ff95ed4b000 	C:\Windows\System32\WS2_32.dll
0x00007ff95c2f0000 - 0x00007ff95c302000 	C:\Windows\SYSTEM32\kernel.appcore.dll
0x00007ff931da0000 - 0x00007ff931db1000 	C:\Program Files\Android\Android Studio\jre\bin\verify.dll
0x00007ff95b680000 - 0x00007ff95b864000 	C:\Windows\SYSTEM32\DBGHELP.DLL
0x00007ff95ace0000 - 0x00007ff95ad0c000 	C:\Windows\SYSTEM32\dbgcore.DLL
0x00007ff95dd00000 - 0x00007ff95dd83000 	C:\Windows\System32\bcryptPrimitives.dll
0x00007ff926de0000 - 0x00007ff926e09000 	C:\Program Files\Android\Android Studio\jre\bin\java.dll
0x00007ff9452a0000 - 0x00007ff9452ab000 	C:\Program Files\Android\Android Studio\jre\bin\jimage.dll
0x00007ff929950000 - 0x00007ff929968000 	C:\Program Files\Android\Android Studio\jre\bin\zip.dll

dbghelp: loaded successfully - version: 4.0.5 - missing functions: none
symbol engine: initialized successfully - sym options: 0x614 - pdb path: .;C:\Program Files\Android\Android Studio\jre\bin;C:\Windows\SYSTEM32;C:\Windows\WinSxS\amd64_microsoft.windows.common-controls_6595b64144ccf1df_6.0.19041.1110_none_60b5254171f9507e;C:\Program Files\Android\Android Studio\jre\bin\server

VM Arguments:
java_command: org.jetbrains.kotlin.cli.jvm.K2JVMCompiler @D:\PS_CPP\Mobile\app\build\20211115_2767024395971609476.compiler.options
java_class_path (initial): C:\Users\Moon\.gradle\caches\modules-2\files-2.1\org.jetbrains.kotlin\kotlin-compiler-embeddable\1.5.31\cc18c29253541dc57c25c3ef514d63c7953ae1a6\kotlin-compiler-embeddable-1.5.31.jar;C:\Users\Moon\.gradle\caches\modules-2\files-2.1\org.jetbrains.kotlin\kotlin-reflect\1.5.31\1523fcd842a47da0820cea772b19c51056fec8a9\kotlin-reflect-1.5.31.jar;C:\Users\Moon\.gradle\caches\modules-2\files-2.1\org.jetbrains.kotlin\kotlin-stdlib\1.5.31\6628d61d0f5603568e72d2d5915d2c034b4f1c55\kotlin-stdlib-1.5.31.jar;C:\Users\Moon\.gradle\caches\modules-2\files-2.1\org.jetbrains.kotlin\kotlin-script-runtime\1.5.31\aaea854be2cfc06373dfc11be5a6ba9ca5ca84a6\kotlin-script-runtime-1.5.31.jar;C:\Users\Moon\.gradle\caches\modules-2\files-2.1\org.jetbrains.kotlin\kotlin-daemon-embeddable\1.5.31\d19b549661e28c62781683dc7c7e34bf416974f1\kotlin-daemon-embeddable-1.5.31.jar;C:\Users\Moon\.gradle\caches\modules-2\files-2.1\org.jetbrains.intellij.deps\trove4j\1.0.20181211\216c2e14b070f334479d800987affe4054cd563f\trove4j-1.0.20181211.jar;C:\Users\Moon\.gradle\caches\modules-2\files-2.1\org.jetbrains\annotations\13.0\919f0dfe192fb4e063e7dacadee7f8bb9a2672a9\annotations-13.0.jar;C:\Users\Moon\.gradle\caches\modules-2\files-2.1\org.jetbrains.kotlin\kotlin-stdlib-common\1.5.31\43331609c7de811fed085e0dfd150874b157c32\kotlin-stdlib-common-1.5.31.jar
Launcher Type: SUN_STANDARD

[Global flags]
     intx CICompilerCount                          = 12                                        {product} {ergonomic}
     uint ConcGCThreads                            = 3                                         {product} {ergonomic}
     uint G1ConcRefinementThreads                  = 13                                        {product} {ergonomic}
   size_t G1HeapRegionSize                         = 1048576                                   {product} {ergonomic}
    uintx GCDrainStackTargetSize                   = 64                                        {product} {ergonomic}
   size_t InitialHeapSize                          = 266338304                                 {product} {ergonomic}
   size_t MarkStackSize                            = 4194304                                   {product} {ergonomic}
   size_t MaxHeapSize                              = 4229955584                                {product} {ergonomic}
   size_t MinHeapDeltaBytes                        = 1048576                                   {product} {ergonomic}
    uintx NonNMethodCodeHeapSize                   = 7594288                                {pd product} {ergonomic}
    uintx NonProfiledCodeHeapSize                  = 122031976                              {pd product} {ergonomic}
    uintx ProfiledCodeHeapSize                     = 122031976                              {pd product} {ergonomic}
    uintx ReservedCodeCacheSize                    = 251658240                              {pd product} {ergonomic}
     bool SegmentedCodeCache                       = true                                      {product} {ergonomic}
     bool UseCompressedClassPointers               = true                                 {lp64_product} {ergonomic}
     bool UseCompressedOops                        = true                                 {lp64_product} {ergonomic}
     bool UseG1GC                                  = true                                      {product} {ergonomic}
     bool UseLargePagesIndividualAllocation        = false                                  {pd product} {ergonomic}

Logging:
Log output configuration:
 #0: stdout all=warning uptime,level,tags
 #1: stderr all=off uptime,level,tags

Environment Variables:
JAVA_HOME=C:\BYUI\Java\java-se-8u41-ri
PATH=C:\Program Files\Eclipse Foundation\jdk-11.0.12.7-hotspot\bin;C:\Program Files (x86)\Common Files\Oracle\Java\javapath;C:\Windows\system32;C:\Windows;C:\Windows\System32\Wbem;C:\Windows\System32\WindowsPowerShell\v1.0\;C:\Windows\System32\OpenSSH\;C:\Program Files\dotnet\;C:\Program Files\Git\cmd;C:\BYUI\Java\java-se-8u41-ribin;C:\Program Files\Microsoft SQL Server\130\Tools\Binn\;C:\Program Files\Microsoft SQL Server\Client SDK\ODBC\170\Tools\Binn\;C:\Program Files (x86)\NVIDIA Corporation\PhysX\Common;C:\Program Files (x86)\Microsoft SQL Server\150\Tools\Binn\;C:\Program Files\Microsoft SQL Server\150\Tools\Binn\;C:\Program Files\Microsoft SQL Server\150\DTS\Binn\;C:\Program Files\MySQL\MySQL Shell 8.0\bin\;C:\Users\Moon\AppData\Local\Programs\Python\Python39\Scripts\;C:\Users\Moon\AppData\Local\Programs\Python\Python39\;C:\Users\Moon\AppData\Local\Microsoft\WindowsApps;C:\Users\Moon\AppData\Local\Programs\Microsoft VS Code\bin;C:\Users\Moon\AppData\Local\GitHubDesktop\bin;C:\Users\Moon\.dotnet\tools;C:\Users\Moon\AppData\Local\atom\bin
USERNAME=Moon
OS=Windows_NT
PROCESSOR_IDENTIFIER=Intel64 Family 6 Model 165 Stepping 2, GenuineIntel



---------------  S Y S T E M  ---------------

OS: Windows 10 , 64 bit Build 19041 (10.0.19041.1348)
OS uptime: 2 days 1:45 hours

CPU:total 16 (initial active 16) (8 cores per cpu, 2 threads per core) family 6 model 165 stepping 2 microcode 0xea, cmov, cx8, fxsr, mmx, sse, sse2, sse3, ssse3, sse4.1, sse4.2, popcnt, avx, avx2, aes, clmul, erms, 3dnowpref, lzcnt, ht, tsc, tscinvbit, bmi1, bmi2, adx, fma

Memory: 4k page, system-wide physical 16128M (2994M free)
TotalPageFile size 16128M (AvailPageFile size 105M)
current process WorkingSet (physical memory assigned to process): 11M, peak: 11M
current process commit charge ("private bytes"): 71M, peak: 325M

vm_info: OpenJDK 64-Bit Server VM (11.0.10+0-b96-7249189) for windows-amd64 JRE (11.0.10+0-b96-7249189), built on Mar 31 2021 21:44:00 by "builder" with MS VC++ 14.0 (VS2015)

END.
